[0.683s] DEBUG:colcon:Command line arguments: ['/usr/bin/colcon', 'build']
[0.684s] DEBUG:colcon:Parsed command line arguments: Namespace(ament_cmake_args=None, base_paths=['.'], build_base='build', catkin_cmake_args=None, catkin_skip_building_tests=False, cmake_args=None, cmake_clean_cache=False, cmake_clean_first=False, cmake_force_configure=False, cmake_target=None, cmake_target_skip_unavailable=False, continue_on_error=False, event_handlers=None, executor='parallel', ignore_user_meta=False, install_base='install', log_base=None, log_level=None, main=<bound method BuildVerb.main of <colcon_core.verb.build.BuildVerb object at 0x7fe050fae160>>, merge_install=False, metas=['./colcon.meta'], packages_above=None, packages_above_and_dependencies=None, packages_above_depth=None, packages_end=None, packages_ignore=None, packages_ignore_regex=None, packages_select=None, packages_select_build_failed=False, packages_select_by_dep=None, packages_select_regex=None, packages_select_test_failures=False, packages_skip=None, packages_skip_build_finished=False, packages_skip_by_dep=None, packages_skip_regex=None, packages_skip_test_passed=False, packages_skip_up_to=None, packages_start=None, packages_up_to=None, packages_up_to_regex=None, parallel_workers=8, paths=None, symlink_install=False, test_result_base=None, verb_extension=<colcon_core.verb.build.BuildVerb object at 0x7fe050fae160>, verb_name='build', verb_parser=<colcon_defaults.argument_parser.defaults.DefaultArgumentsDecorator object at 0x7fe050fae6a0>)
[0.694s] Level 1:colcon.colcon_core.package_discovery:discover_packages(colcon_meta) check parameters
[0.694s] Level 1:colcon.colcon_core.package_discovery:discover_packages(recursive) check parameters
[0.694s] Level 1:colcon.colcon_core.package_discovery:discover_packages(ignore) check parameters
[0.695s] Level 1:colcon.colcon_core.package_discovery:discover_packages(path) check parameters
[0.695s] Level 1:colcon.colcon_core.package_discovery:discover_packages(colcon_meta) discover
[0.695s] Level 1:colcon.colcon_core.package_discovery:discover_packages(recursive) discover
[0.695s] INFO:colcon.colcon_core.package_discovery:Crawling recursively for packages in '/home/user/ros2_ws/src/robot_patrol'
[0.695s] Level 1:colcon.colcon_core.package_identification:_identify(.) by extensions ['ignore', 'ignore_ament_install']
[0.695s] Level 1:colcon.colcon_core.package_identification:_identify(.) by extension 'ignore'
[0.695s] Level 1:colcon.colcon_core.package_identification:_identify(.) by extension 'ignore_ament_install'
[0.696s] Level 1:colcon.colcon_core.package_identification:_identify(.) by extensions ['colcon_pkg']
[0.696s] Level 1:colcon.colcon_core.package_identification:_identify(.) by extension 'colcon_pkg'
[0.696s] Level 1:colcon.colcon_core.package_identification:_identify(.) by extensions ['colcon_meta']
[0.696s] Level 1:colcon.colcon_core.package_identification:_identify(.) by extension 'colcon_meta'
[0.696s] Level 1:colcon.colcon_core.package_identification:_identify(.) by extensions ['ros']
[0.696s] Level 1:colcon.colcon_core.package_identification:_identify(.) by extension 'ros'
[0.720s] DEBUG:colcon.colcon_core.package_identification:Package '.' with type 'ros.ament_cmake' and name 'robot_patrol'
[0.720s] Level 1:colcon.colcon_core.package_discovery:discover_packages(recursive) using defaults
[0.721s] Level 1:colcon.colcon_core.package_discovery:discover_packages(ignore) discover
[0.721s] Level 1:colcon.colcon_core.package_discovery:discover_packages(ignore) using defaults
[0.721s] Level 1:colcon.colcon_core.package_discovery:discover_packages(path) discover
[0.721s] Level 1:colcon.colcon_core.package_discovery:discover_packages(path) using defaults
[0.760s] Level 5:colcon.colcon_core.verb:set package 'robot_patrol' build argument 'cmake_args' from command line to 'None'
[0.760s] Level 5:colcon.colcon_core.verb:set package 'robot_patrol' build argument 'cmake_target' from command line to 'None'
[0.760s] Level 5:colcon.colcon_core.verb:set package 'robot_patrol' build argument 'cmake_target_skip_unavailable' from command line to 'False'
[0.760s] Level 5:colcon.colcon_core.verb:set package 'robot_patrol' build argument 'cmake_clean_cache' from command line to 'False'
[0.760s] Level 5:colcon.colcon_core.verb:set package 'robot_patrol' build argument 'cmake_clean_first' from command line to 'False'
[0.760s] Level 5:colcon.colcon_core.verb:set package 'robot_patrol' build argument 'cmake_force_configure' from command line to 'False'
[0.760s] Level 5:colcon.colcon_core.verb:set package 'robot_patrol' build argument 'ament_cmake_args' from command line to 'None'
[0.760s] Level 5:colcon.colcon_core.verb:set package 'robot_patrol' build argument 'catkin_cmake_args' from command line to 'None'
[0.760s] Level 5:colcon.colcon_core.verb:set package 'robot_patrol' build argument 'catkin_skip_building_tests' from command line to 'False'
[0.761s] DEBUG:colcon.colcon_core.verb:Building package 'robot_patrol' with the following arguments: {'ament_cmake_args': None, 'build_base': '/home/user/ros2_ws/src/robot_patrol/build/robot_patrol', 'catkin_cmake_args': None, 'catkin_skip_building_tests': False, 'cmake_args': None, 'cmake_clean_cache': False, 'cmake_clean_first': False, 'cmake_force_configure': False, 'cmake_target': None, 'cmake_target_skip_unavailable': False, 'install_base': '/home/user/ros2_ws/src/robot_patrol/install/robot_patrol', 'merge_install': False, 'path': '/home/user/ros2_ws/src/robot_patrol', 'symlink_install': False, 'test_result_base': None}
[0.761s] INFO:colcon.colcon_core.executor:Executing jobs using 'parallel' executor
[0.764s] DEBUG:colcon.colcon_parallel_executor.executor.parallel:run_until_complete
[0.764s] INFO:colcon.colcon_ros.task.ament_cmake.build:Building ROS package in '/home/user/ros2_ws/src/robot_patrol' with build type 'ament_cmake'
[0.765s] INFO:colcon.colcon_cmake.task.cmake.build:Building CMake package in '/home/user/ros2_ws/src/robot_patrol'
[0.771s] INFO:colcon.colcon_core.plugin_system:Skipping extension 'colcon_core.shell.bat': Not used on non-Windows systems
[0.771s] INFO:colcon.colcon_core.shell:Skip shell extension 'powershell' for command environment: Not usable outside of PowerShell
[0.771s] DEBUG:colcon.colcon_core.shell:Skip shell extension 'dsv' for command environment
[0.777s] DEBUG:colcon.colcon_core.shell:Ignoring prefix path '/opt/ros/foxy'
[0.821s] DEBUG:colcon.colcon_core.event_handler.log_command:Invoking command in '/home/user/ros2_ws/src/robot_patrol/build/robot_patrol': CMAKE_PREFIX_PATH=${CMAKE_PREFIX_PATH}:/opt/ros/foxy _=/usr/bin/env /usr/bin/cmake /home/user/ros2_ws/src/robot_patrol -DCMAKE_INSTALL_PREFIX=/home/user/ros2_ws/src/robot_patrol/install/robot_patrol
[4.748s] DEBUG:colcon.colcon_core.event_handler.log_command:Invoked command in '/home/user/ros2_ws/src/robot_patrol/build/robot_patrol' returned '0': CMAKE_PREFIX_PATH=${CMAKE_PREFIX_PATH}:/opt/ros/foxy _=/usr/bin/env /usr/bin/cmake /home/user/ros2_ws/src/robot_patrol -DCMAKE_INSTALL_PREFIX=/home/user/ros2_ws/src/robot_patrol/install/robot_patrol
[4.754s] DEBUG:colcon.colcon_core.event_handler.log_command:Invoking command in '/home/user/ros2_ws/src/robot_patrol/build/robot_patrol': CMAKE_PREFIX_PATH=${CMAKE_PREFIX_PATH}:/opt/ros/foxy _=/usr/bin/env /usr/bin/cmake --build /home/user/ros2_ws/src/robot_patrol/build/robot_patrol -- -j8 -l8
[4.837s] DEBUG:colcon.colcon_core.event_handler.log_command:Invoked command in '/home/user/ros2_ws/src/robot_patrol/build/robot_patrol' returned '0': CMAKE_PREFIX_PATH=${CMAKE_PREFIX_PATH}:/opt/ros/foxy _=/usr/bin/env /usr/bin/cmake --build /home/user/ros2_ws/src/robot_patrol/build/robot_patrol -- -j8 -l8
[4.944s] DEBUG:colcon.colcon_core.event_handler.log_command:Invoking command in '/home/user/ros2_ws/src/robot_patrol/build/robot_patrol': CMAKE_PREFIX_PATH=${CMAKE_PREFIX_PATH}:/opt/ros/foxy _=/usr/bin/env /usr/bin/cmake --install /home/user/ros2_ws/src/robot_patrol/build/robot_patrol
[4.985s] Level 1:colcon.colcon_core.environment:create_environment_scripts_only(robot_patrol)
[4.987s] DEBUG:colcon.colcon_core.event_handler.log_command:Invoked command in '/home/user/ros2_ws/src/robot_patrol/build/robot_patrol' returned '0': CMAKE_PREFIX_PATH=${CMAKE_PREFIX_PATH}:/opt/ros/foxy _=/usr/bin/env /usr/bin/cmake --install /home/user/ros2_ws/src/robot_patrol/build/robot_patrol
[4.992s] Level 1:colcon.colcon_core.environment:checking '/home/user/ros2_ws/src/robot_patrol/install/robot_patrol' for CMake module files
[4.994s] Level 1:colcon.colcon_core.environment:checking '/home/user/ros2_ws/src/robot_patrol/install/robot_patrol' for CMake config files
[4.994s] Level 1:colcon.colcon_core.shell:create_environment_hook('robot_patrol', 'cmake_prefix_path')
[4.996s] INFO:colcon.colcon_core.shell:Creating environment hook '/home/user/ros2_ws/src/robot_patrol/install/robot_patrol/share/robot_patrol/hook/cmake_prefix_path.ps1'
[5.000s] INFO:colcon.colcon_core.shell:Creating environment descriptor '/home/user/ros2_ws/src/robot_patrol/install/robot_patrol/share/robot_patrol/hook/cmake_prefix_path.dsv'
[5.001s] INFO:colcon.colcon_core.shell:Creating environment hook '/home/user/ros2_ws/src/robot_patrol/install/robot_patrol/share/robot_patrol/hook/cmake_prefix_path.sh'
[5.003s] Level 1:colcon.colcon_core.environment:checking '/home/user/ros2_ws/src/robot_patrol/install/robot_patrol/bin'
[5.004s] Level 1:colcon.colcon_core.environment:checking '/home/user/ros2_ws/src/robot_patrol/install/robot_patrol/lib/pkgconfig/robot_patrol.pc'
[5.004s] Level 1:colcon.colcon_core.environment:checking '/home/user/ros2_ws/src/robot_patrol/install/robot_patrol/lib/python3.8/site-packages'
[5.005s] INFO:colcon.colcon_core.shell:Creating package script '/home/user/ros2_ws/src/robot_patrol/install/robot_patrol/share/robot_patrol/package.ps1'
[5.007s] INFO:colcon.colcon_core.shell:Creating package descriptor '/home/user/ros2_ws/src/robot_patrol/install/robot_patrol/share/robot_patrol/package.dsv'
[5.008s] INFO:colcon.colcon_core.shell:Creating package script '/home/user/ros2_ws/src/robot_patrol/install/robot_patrol/share/robot_patrol/package.sh'
[5.009s] INFO:colcon.colcon_core.shell:Creating package script '/home/user/ros2_ws/src/robot_patrol/install/robot_patrol/share/robot_patrol/package.bash'
[5.010s] INFO:colcon.colcon_core.shell:Creating package script '/home/user/ros2_ws/src/robot_patrol/install/robot_patrol/share/robot_patrol/package.zsh'
[5.011s] Level 1:colcon.colcon_core.environment:create_file_with_runtime_dependencies(/home/user/ros2_ws/src/robot_patrol/install/robot_patrol/share/colcon-core/packages/robot_patrol)
[5.121s] Level 1:colcon.colcon_core.environment:create_environment_scripts_only(robot_patrol)
[5.123s] Level 1:colcon.colcon_core.environment:checking '/home/user/ros2_ws/src/robot_patrol/install/robot_patrol' for CMake module files
[5.124s] Level 1:colcon.colcon_core.environment:checking '/home/user/ros2_ws/src/robot_patrol/install/robot_patrol' for CMake config files
[5.124s] Level 1:colcon.colcon_core.shell:create_environment_hook('robot_patrol', 'cmake_prefix_path')
[5.126s] INFO:colcon.colcon_core.shell:Creating environment hook '/home/user/ros2_ws/src/robot_patrol/install/robot_patrol/share/robot_patrol/hook/cmake_prefix_path.ps1'
[5.127s] INFO:colcon.colcon_core.shell:Creating environment descriptor '/home/user/ros2_ws/src/robot_patrol/install/robot_patrol/share/robot_patrol/hook/cmake_prefix_path.dsv'
[5.127s] INFO:colcon.colcon_core.shell:Creating environment hook '/home/user/ros2_ws/src/robot_patrol/install/robot_patrol/share/robot_patrol/hook/cmake_prefix_path.sh'
[5.128s] Level 1:colcon.colcon_core.environment:checking '/home/user/ros2_ws/src/robot_patrol/install/robot_patrol/bin'
[5.128s] Level 1:colcon.colcon_core.environment:checking '/home/user/ros2_ws/src/robot_patrol/install/robot_patrol/lib/pkgconfig/robot_patrol.pc'
[5.128s] Level 1:colcon.colcon_core.environment:checking '/home/user/ros2_ws/src/robot_patrol/install/robot_patrol/lib/python3.8/site-packages'
[5.130s] INFO:colcon.colcon_core.shell:Creating package script '/home/user/ros2_ws/src/robot_patrol/install/robot_patrol/share/robot_patrol/package.ps1'
[5.131s] INFO:colcon.colcon_core.shell:Creating package descriptor '/home/user/ros2_ws/src/robot_patrol/install/robot_patrol/share/robot_patrol/package.dsv'
[5.131s] INFO:colcon.colcon_core.shell:Creating package script '/home/user/ros2_ws/src/robot_patrol/install/robot_patrol/share/robot_patrol/package.sh'
[5.132s] INFO:colcon.colcon_core.shell:Creating package script '/home/user/ros2_ws/src/robot_patrol/install/robot_patrol/share/robot_patrol/package.bash'
[5.133s] INFO:colcon.colcon_core.shell:Creating package script '/home/user/ros2_ws/src/robot_patrol/install/robot_patrol/share/robot_patrol/package.zsh'
[5.133s] Level 1:colcon.colcon_core.environment:create_file_with_runtime_dependencies(/home/user/ros2_ws/src/robot_patrol/install/robot_patrol/share/colcon-core/packages/robot_patrol)
[5.135s] DEBUG:colcon.colcon_parallel_executor.executor.parallel:closing loop
[5.137s] DEBUG:colcon.colcon_parallel_executor.executor.parallel:loop closed
[5.137s] DEBUG:colcon.colcon_parallel_executor.executor.parallel:run_until_complete finished with '0'
[5.138s] DEBUG:colcon.colcon_core.event_reactor:joining thread
[5.154s] INFO:colcon.colcon_core.plugin_system:Skipping extension 'colcon_notification.desktop_notification.notify_send': Could not find 'notify-send'
[5.154s] INFO:colcon.colcon_core.plugin_system:Skipping extension 'colcon_notification.desktop_notification.terminal_notifier': Not used on non-Darwin systems
[5.154s] INFO:colcon.colcon_core.plugin_system:Skipping extension 'colcon_notification.desktop_notification.win32': Not used on non-Windows systems
[5.154s] INFO:colcon.colcon_notification.desktop_notification:Sending desktop notification using 'notify2'
[5.164s] DEBUG:colcon.colcon_notification.desktop_notification.notify2:Failed to initialize notify2: org.freedesktop.DBus.Error.ServiceUnknown: The name org.freedesktop.Notifications was not provided by any .service files
[5.164s] DEBUG:colcon.colcon_core.event_reactor:joined thread
[5.166s] INFO:colcon.colcon_core.shell:Creating prefix script '/home/user/ros2_ws/src/robot_patrol/install/local_setup.ps1'
[5.168s] INFO:colcon.colcon_core.shell:Creating prefix util module '/home/user/ros2_ws/src/robot_patrol/install/_local_setup_util_ps1.py'
[5.170s] INFO:colcon.colcon_core.shell:Creating prefix chain script '/home/user/ros2_ws/src/robot_patrol/install/setup.ps1'
[5.175s] INFO:colcon.colcon_core.shell:Creating prefix script '/home/user/ros2_ws/src/robot_patrol/install/local_setup.sh'
[5.176s] INFO:colcon.colcon_core.shell:Creating prefix util module '/home/user/ros2_ws/src/robot_patrol/install/_local_setup_util_sh.py'
[5.177s] INFO:colcon.colcon_core.shell:Creating prefix chain script '/home/user/ros2_ws/src/robot_patrol/install/setup.sh'
[5.182s] INFO:colcon.colcon_core.shell:Creating prefix script '/home/user/ros2_ws/src/robot_patrol/install/local_setup.bash'
[5.183s] INFO:colcon.colcon_core.shell:Creating prefix chain script '/home/user/ros2_ws/src/robot_patrol/install/setup.bash'
[5.188s] INFO:colcon.colcon_core.shell:Creating prefix script '/home/user/ros2_ws/src/robot_patrol/install/local_setup.zsh'
[5.188s] INFO:colcon.colcon_core.shell:Creating prefix chain script '/home/user/ros2_ws/src/robot_patrol/install/setup.zsh'
