[0.051s] Invoking command in '/home/user/ros2_ws/src/robot_patrol/build/robot_patrol': CMAKE_PREFIX_PATH=${CMAKE_PREFIX_PATH}:/opt/ros/foxy _=/usr/bin/env /usr/bin/cmake /home/user/ros2_ws/src/robot_patrol -DCMAKE_INSTALL_PREFIX=/home/user/ros2_ws/src/robot_patrol/install/robot_patrol
[0.198s] -- The C compiler identification is GNU 9.3.0
[0.311s] -- The CXX compiler identification is GNU 9.3.0
[0.320s] -- Check for working C compiler: /usr/bin/cc
[0.529s] -- Check for working C compiler: /usr/bin/cc -- works
[0.531s] -- Detecting C compiler ABI info
[0.664s] -- Detecting C compiler ABI info - done
[0.680s] -- Detecting C compile features
[0.681s] -- Detecting C compile features - done
[0.685s] -- Check for working CXX compiler: /usr/bin/c++
[0.892s] -- Check for working CXX compiler: /usr/bin/c++ -- works
[0.894s] -- Detecting CXX compiler ABI info
[1.051s] -- Detecting CXX compiler ABI info - done
[1.070s] -- Detecting CXX compile features
[1.071s] -- Detecting CXX compile features - done
[1.079s] -- Found ament_cmake: 0.9.9 (/opt/ros/foxy/share/ament_cmake/cmake)
[1.137s] -- Found PythonInterp: /usr/bin/python3 (found suitable version "3.8.10", minimum required is "3") 
[1.138s] -- Using PYTHON_EXECUTABLE: /usr/bin/python3
[1.657s] -- Found rclcpp: 2.4.0 (/opt/ros/foxy/share/rclcpp/cmake)
[1.781s] -- Using all available rosidl_typesupport_c: rosidl_typesupport_fastrtps_c;rosidl_typesupport_introspection_c
[1.803s] -- Found rosidl_adapter: 1.2.1 (/opt/ros/foxy/share/rosidl_adapter/cmake)
[2.111s] -- Found OpenSSL: /usr/lib/x86_64-linux-gnu/libcrypto.so (found version "1.1.1f")  
[2.213s] -- Found FastRTPS: /opt/ros/foxy/include  
[2.443s] -- Using all available rosidl_typesupport_cpp: rosidl_typesupport_fastrtps_cpp;rosidl_typesupport_introspection_cpp
[2.573s] -- Found rmw_implementation_cmake: 1.0.3 (/opt/ros/foxy/share/rmw_implementation_cmake/cmake)
[2.576s] -- Using RMW implementation 'rmw_fastrtps_cpp' as default
[2.577s] -- Looking for pthread.h
[2.737s] -- Looking for pthread.h - found
[2.738s] -- Performing Test CMAKE_HAVE_LIBC_PTHREAD
[2.954s] -- Performing Test CMAKE_HAVE_LIBC_PTHREAD - Failed
[2.954s] -- Looking for pthread_create in pthreads
[3.083s] -- Looking for pthread_create in pthreads - not found
[3.084s] -- Looking for pthread_create in pthread
[3.253s] -- Looking for pthread_create in pthread - found
[3.253s] -- Found Threads: TRUE  
[3.558s] -- Found geometry_msgs: 2.0.4 (/opt/ros/foxy/share/geometry_msgs/cmake)
[3.625s] -- Found sensor_msgs: 2.0.4 (/opt/ros/foxy/share/sensor_msgs/cmake)
[3.761s] -- Found ament_lint_auto: 0.9.6 (/opt/ros/foxy/share/ament_lint_auto/cmake)
[3.920s] -- Added test 'copyright' to check source files copyright and LICENSE
[3.929s] -- Added test 'cppcheck' to perform static code analysis on C / C++ code
[3.929s] -- Configured cppcheck include dirs: 
[3.930s] -- Configured cppcheck exclude dirs and/or files: 
[3.939s] -- Added test 'cpplint' to check C / C++ code against the Google style
[3.939s] -- Configured cpplint exclude dirs and/or files: 
[3.943s] -- Added test 'lint_cmake' to check CMake code style
[3.954s] -- Added test 'uncrustify' to check C / C++ code style
[3.954s] -- Configured uncrustify additional arguments: 
[3.955s] -- Added test 'xmllint' to check XML markup files
[3.961s] -- Configuring done
[3.966s] -- Generating done
[3.969s] -- Build files have been written to: /home/user/ros2_ws/src/robot_patrol/build/robot_patrol
[3.981s] Invoked command in '/home/user/ros2_ws/src/robot_patrol/build/robot_patrol' returned '0': CMAKE_PREFIX_PATH=${CMAKE_PREFIX_PATH}:/opt/ros/foxy _=/usr/bin/env /usr/bin/cmake /home/user/ros2_ws/src/robot_patrol -DCMAKE_INSTALL_PREFIX=/home/user/ros2_ws/src/robot_patrol/install/robot_patrol
[3.986s] Invoking command in '/home/user/ros2_ws/src/robot_patrol/build/robot_patrol': CMAKE_PREFIX_PATH=${CMAKE_PREFIX_PATH}:/opt/ros/foxy _=/usr/bin/env /usr/bin/cmake --build /home/user/ros2_ws/src/robot_patrol/build/robot_patrol -- -j8 -l8
[4.069s] Invoked command in '/home/user/ros2_ws/src/robot_patrol/build/robot_patrol' returned '0': CMAKE_PREFIX_PATH=${CMAKE_PREFIX_PATH}:/opt/ros/foxy _=/usr/bin/env /usr/bin/cmake --build /home/user/ros2_ws/src/robot_patrol/build/robot_patrol -- -j8 -l8
[4.176s] Invoking command in '/home/user/ros2_ws/src/robot_patrol/build/robot_patrol': CMAKE_PREFIX_PATH=${CMAKE_PREFIX_PATH}:/opt/ros/foxy _=/usr/bin/env /usr/bin/cmake --install /home/user/ros2_ws/src/robot_patrol/build/robot_patrol
[4.211s] -- Install configuration: ""
[4.211s] -- Installing: /home/user/ros2_ws/src/robot_patrol/install/robot_patrol/share/ament_index/resource_index/package_run_dependencies/robot_patrol
[4.212s] -- Installing: /home/user/ros2_ws/src/robot_patrol/install/robot_patrol/share/ament_index/resource_index/parent_prefix_path/robot_patrol
[4.212s] -- Installing: /home/user/ros2_ws/src/robot_patrol/install/robot_patrol/share/robot_patrol/environment/ament_prefix_path.sh
[4.213s] -- Installing: /home/user/ros2_ws/src/robot_patrol/install/robot_patrol/share/robot_patrol/environment/ament_prefix_path.dsv
[4.213s] -- Installing: /home/user/ros2_ws/src/robot_patrol/install/robot_patrol/share/robot_patrol/environment/path.sh
[4.213s] -- Installing: /home/user/ros2_ws/src/robot_patrol/install/robot_patrol/share/robot_patrol/environment/path.dsv
[4.213s] -- Installing: /home/user/ros2_ws/src/robot_patrol/install/robot_patrol/share/robot_patrol/local_setup.bash
[4.214s] -- Installing: /home/user/ros2_ws/src/robot_patrol/install/robot_patrol/share/robot_patrol/local_setup.sh
[4.215s] -- Installing: /home/user/ros2_ws/src/robot_patrol/install/robot_patrol/share/robot_patrol/local_setup.zsh
[4.215s] -- Installing: /home/user/ros2_ws/src/robot_patrol/install/robot_patrol/share/robot_patrol/local_setup.dsv
[4.215s] -- Installing: /home/user/ros2_ws/src/robot_patrol/install/robot_patrol/share/robot_patrol/package.dsv
[4.215s] -- Installing: /home/user/ros2_ws/src/robot_patrol/install/robot_patrol/share/ament_index/resource_index/packages/robot_patrol
[4.216s] -- Installing: /home/user/ros2_ws/src/robot_patrol/install/robot_patrol/share/robot_patrol/cmake/robot_patrolConfig.cmake
[4.216s] -- Installing: /home/user/ros2_ws/src/robot_patrol/install/robot_patrol/share/robot_patrol/cmake/robot_patrolConfig-version.cmake
[4.216s] -- Installing: /home/user/ros2_ws/src/robot_patrol/install/robot_patrol/share/robot_patrol/package.xml
[4.220s] Invoked command in '/home/user/ros2_ws/src/robot_patrol/build/robot_patrol' returned '0': CMAKE_PREFIX_PATH=${CMAKE_PREFIX_PATH}:/opt/ros/foxy _=/usr/bin/env /usr/bin/cmake --install /home/user/ros2_ws/src/robot_patrol/build/robot_patrol
